[ 2019-06-21T14:34:07+08:00 ] ::1 /kucun/index.php/layuiadmin/lib/index.js
INFO: [ app_init ] --START--
INFO: Run Behavior\BuildLiteBehavior [ RunTime:0.000010s ]
INFO: [ app_init ] --END-- [ RunTime:0.000283s ]
ERR: 无法加载模块:Layuiadmin

[ 2019-06-21T14:43:39+08:00 ] ::1 /kucun/index.php/layuiadmin/lib/index.js
INFO: [ app_init ] --START--
INFO: Run Behavior\BuildLiteBehavior [ RunTime:0.000009s ]
INFO: [ app_init ] --END-- [ RunTime:0.000294s ]
ERR: 无法加载模块:Layuiadmin

[ 2019-06-21T14:43:41+08:00 ] ::1 /kucun/index.php/layuiadmin/lib/index.js
INFO: [ app_init ] --START--
INFO: Run Behavior\BuildLiteBehavior [ RunTime:0.000009s ]
INFO: [ app_init ] --END-- [ RunTime:0.000334s ]
ERR: 无法加载模块:Layuiadmin

[ 2019-06-21T14:44:11+08:00 ] ::1 /kucun/index.php/layuiadmin/lib/index.js
INFO: [ app_init ] --START--
INFO: Run Behavior\BuildLiteBehavior [ RunTime:0.000010s ]
INFO: [ app_init ] --END-- [ RunTime:0.000328s ]
ERR: 无法加载模块:Layuiadmin

[ 2019-06-21T14:44:26+08:00 ] ::1 /kucun/index.php/layuiadmin/lib/index.js
INFO: [ app_init ] --START--
INFO: Run Behavior\BuildLiteBehavior [ RunTime:0.000008s ]
INFO: [ app_init ] --END-- [ RunTime:0.000256s ]
ERR: 无法加载模块:Layuiadmin

[ 2019-06-21T14:44:41+08:00 ] ::1 /kucun/index.php/layuiadmin/lib/index.js
INFO: [ app_init ] --START--
INFO: Run Behavior\BuildLiteBehavior [ RunTime:0.000009s ]
INFO: [ app_init ] --END-- [ RunTime:0.000324s ]
ERR: 无法加载模块:Layuiadmin

[ 2019-06-21T14:44:57+08:00 ] ::1 /kucun/index.php/layuiadmin/lib/index.js
INFO: [ app_init ] --START--
INFO: Run Behavior\BuildLiteBehavior [ RunTime:0.000009s ]
INFO: [ app_init ] --END-- [ RunTime:0.000271s ]
ERR: 无法加载模块:Layuiadmin

