[ 2019-08-26T17:50:42+08:00 ] ::1 /game/
INFO: [ app_init ] --START--
INFO: Run Behavior\BuildLiteBehavior [ RunTime:0.000008s ]
INFO: [ app_init ] --END-- [ RunTime:0.000310s ]
INFO: [ app_begin ] --START--
INFO: Run Behavior\ReadHtmlCacheBehavior [ RunTime:0.000710s ]
INFO: [ app_begin ] --END-- [ RunTime:0.000767s ]
INFO: [ view_parse ] --START--
INFO: [ template_filter ] --START--
INFO: Run Behavior\ContentReplaceBehavior [ RunTime:0.000082s ]
INFO: [ template_filter ] --END-- [ RunTime:0.000122s ]
INFO: Run Behavior\ParseTemplateBehavior [ RunTime:0.007462s ]
INFO: [ view_parse ] --END-- [ RunTime:0.007508s ]
INFO: [ view_filter ] --START--
INFO: Run Behavior\WriteHtmlCacheBehavior [ RunTime:0.000510s ]
INFO: [ view_filter ] --END-- [ RunTime:0.000541s ]
INFO: [ app_end ] --START--
INFO: Run Behavior\ShowPageTraceBehavior [ RunTime:0.000679s ]
INFO: [ app_end ] --END-- [ RunTime:0.000741s ]

[ 2019-08-26T17:50:42+08:00 ] ::1 /game/index.php/Home/Index/console
INFO: [ app_init ] --START--
INFO: Run Behavior\BuildLiteBehavior [ RunTime:0.000010s ]
INFO: [ app_init ] --END-- [ RunTime:0.000362s ]
INFO: [ app_begin ] --START--
INFO: Run Behavior\ReadHtmlCacheBehavior [ RunTime:0.000483s ]
INFO: [ app_begin ] --END-- [ RunTime:0.000524s ]
INFO: [ view_parse ] --START--
INFO: [ template_filter ] --START--
INFO: Run Behavior\ContentReplaceBehavior [ RunTime:0.000045s ]
INFO: [ template_filter ] --END-- [ RunTime:0.000074s ]
INFO: Run Behavior\ParseTemplateBehavior [ RunTime:0.006138s ]
INFO: [ view_parse ] --END-- [ RunTime:0.006190s ]
INFO: [ view_filter ] --START--
INFO: Run Behavior\WriteHtmlCacheBehavior [ RunTime:0.000359s ]
INFO: [ view_filter ] --END-- [ RunTime:0.000386s ]
INFO: [ app_end ] --START--
INFO: Run Behavior\ShowPageTraceBehavior [ RunTime:0.000525s ]
INFO: [ app_end ] --END-- [ RunTime:0.000557s ]

[ 2019-08-26T17:51:12+08:00 ] ::1 /game/index.php/Home/Houtai/user_list.html
INFO: [ app_init ] --START--
INFO: Run Behavior\BuildLiteBehavior [ RunTime:0.000008s ]
INFO: [ app_init ] --END-- [ RunTime:0.000342s ]
INFO: [ app_begin ] --START--
INFO: Run Behavior\ReadHtmlCacheBehavior [ RunTime:0.000388s ]
INFO: [ app_begin ] --END-- [ RunTime:0.000422s ]
SQL: SHOW COLUMNS FROM `t_account_guest` [ RunTime:0.0072s ]
SQL: SELECT * FROM `t_account_guest`  [ RunTime:0.0003s ]
SQL: SHOW COLUMNS FROM `t_account_info_wx` [ RunTime:0.0063s ]
SQL: SELECT * FROM `t_account_info_wx` WHERE `f_account_id` = 1  [ RunTime:0.0005s ]
INFO: [ view_parse ] --START--
INFO: [ template_filter ] --START--
INFO: Run Behavior\ContentReplaceBehavior [ RunTime:0.000051s ]
INFO: [ template_filter ] --END-- [ RunTime:0.000083s ]
NOTIC: [8] Undefined index:  D:\phpStudy\WWW\game\Application\Runtime\Cache\Home\576efd2ff42223f693ac7145ec3bb4ae.php 第 78 行.
NOTIC: [8] Undefined index:  D:\phpStudy\WWW\game\Application\Runtime\Cache\Home\576efd2ff42223f693ac7145ec3bb4ae.php 第 79 行.
NOTIC: [8] Undefined index:  D:\phpStudy\WWW\game\Application\Runtime\Cache\Home\576efd2ff42223f693ac7145ec3bb4ae.php 第 80 行.
NOTIC: [8] Undefined index:  D:\phpStudy\WWW\game\Application\Runtime\Cache\Home\576efd2ff42223f693ac7145ec3bb4ae.php 第 81 行.
NOTIC: [8] Undefined index:  D:\phpStudy\WWW\game\Application\Runtime\Cache\Home\576efd2ff42223f693ac7145ec3bb4ae.php 第 82 行.
NOTIC: [8] Undefined index:  D:\phpStudy\WWW\game\Application\Runtime\Cache\Home\576efd2ff42223f693ac7145ec3bb4ae.php 第 83 行.
NOTIC: [8] Undefined index:  D:\phpStudy\WWW\game\Application\Runtime\Cache\Home\576efd2ff42223f693ac7145ec3bb4ae.php 第 84 行.
NOTIC: [8] Undefined index:  D:\phpStudy\WWW\game\Application\Runtime\Cache\Home\576efd2ff42223f693ac7145ec3bb4ae.php 第 85 行.
NOTIC: [8] Undefined index:  D:\phpStudy\WWW\game\Application\Runtime\Cache\Home\576efd2ff42223f693ac7145ec3bb4ae.php 第 86 行.
NOTIC: [8] Undefined index:  D:\phpStudy\WWW\game\Application\Runtime\Cache\Home\576efd2ff42223f693ac7145ec3bb4ae.php 第 87 行.
NOTIC: [8] Undefined index:  D:\phpStudy\WWW\game\Application\Runtime\Cache\Home\576efd2ff42223f693ac7145ec3bb4ae.php 第 88 行.
NOTIC: [8] Undefined index:  D:\phpStudy\WWW\game\Application\Runtime\Cache\Home\576efd2ff42223f693ac7145ec3bb4ae.php 第 90 行.
NOTIC: [8] Undefined index:  D:\phpStudy\WWW\game\Application\Runtime\Cache\Home\576efd2ff42223f693ac7145ec3bb4ae.php 第 91 行.
NOTIC: [8] Undefined index:  D:\phpStudy\WWW\game\Application\Runtime\Cache\Home\576efd2ff42223f693ac7145ec3bb4ae.php 第 92 行.
NOTIC: [8] Undefined index: id D:\phpStudy\WWW\game\Application\Runtime\Cache\Home\576efd2ff42223f693ac7145ec3bb4ae.php 第 94 行.
NOTIC: [8] Undefined index: id D:\phpStudy\WWW\game\Application\Runtime\Cache\Home\576efd2ff42223f693ac7145ec3bb4ae.php 第 95 行.
INFO: Run Behavior\ParseTemplateBehavior [ RunTime:0.015658s ]
INFO: [ view_parse ] --END-- [ RunTime:0.015684s ]
INFO: [ view_filter ] --START--
INFO: Run Behavior\WriteHtmlCacheBehavior [ RunTime:0.000243s ]
INFO: [ view_filter ] --END-- [ RunTime:0.000263s ]
INFO: [ app_end ] --START--
INFO: Run Behavior\ShowPageTraceBehavior [ RunTime:0.000363s ]
INFO: [ app_end ] --END-- [ RunTime:0.000384s ]

[ 2019-08-26T17:53:50+08:00 ] ::1 /game/index.php/Home/Houtai/user_list.html
INFO: [ app_init ] --START--
INFO: Run Behavior\BuildLiteBehavior [ RunTime:0.000009s ]
INFO: [ app_init ] --END-- [ RunTime:0.000297s ]
INFO: [ app_begin ] --START--
INFO: Run Behavior\ReadHtmlCacheBehavior [ RunTime:0.000358s ]
INFO: [ app_begin ] --END-- [ RunTime:0.000391s ]
SQL: SHOW COLUMNS FROM `t_account_guest` [ RunTime:0.0135s ]
SQL: SELECT * FROM `t_account_guest`  [ RunTime:0.0002s ]
SQL: SHOW COLUMNS FROM `t_account_info_wx` [ RunTime:0.0039s ]
SQL: SELECT * FROM `t_account_info_wx` WHERE `f_account_id` = 1  [ RunTime:0.0003s ]
INFO: [ view_parse ] --START--
INFO: [ template_filter ] --START--
INFO: Run Behavior\ContentReplaceBehavior [ RunTime:0.000035s ]
INFO: [ template_filter ] --END-- [ RunTime:0.000060s ]
NOTIC: [8] Undefined index:  D:\phpStudy\WWW\game\Application\Runtime\Cache\Home\576efd2ff42223f693ac7145ec3bb4ae.php 第 78 行.
NOTIC: [8] Undefined index:  D:\phpStudy\WWW\game\Application\Runtime\Cache\Home\576efd2ff42223f693ac7145ec3bb4ae.php 第 79 行.
NOTIC: [8] Undefined index:  D:\phpStudy\WWW\game\Application\Runtime\Cache\Home\576efd2ff42223f693ac7145ec3bb4ae.php 第 80 行.
NOTIC: [8] Undefined index:  D:\phpStudy\WWW\game\Application\Runtime\Cache\Home\576efd2ff42223f693ac7145ec3bb4ae.php 第 81 行.
NOTIC: [8] Undefined index:  D:\phpStudy\WWW\game\Application\Runtime\Cache\Home\576efd2ff42223f693ac7145ec3bb4ae.php 第 82 行.
NOTIC: [8] Undefined index:  D:\phpStudy\WWW\game\Application\Runtime\Cache\Home\576efd2ff42223f693ac7145ec3bb4ae.php 第 83 行.
NOTIC: [8] Undefined index:  D:\phpStudy\WWW\game\Application\Runtime\Cache\Home\576efd2ff42223f693ac7145ec3bb4ae.php 第 84 行.
NOTIC: [8] Undefined index:  D:\phpStudy\WWW\game\Application\Runtime\Cache\Home\576efd2ff42223f693ac7145ec3bb4ae.php 第 85 行.
NOTIC: [8] Undefined index:  D:\phpStudy\WWW\game\Application\Runtime\Cache\Home\576efd2ff42223f693ac7145ec3bb4ae.php 第 86 行.
NOTIC: [8] Undefined index:  D:\phpStudy\WWW\game\Application\Runtime\Cache\Home\576efd2ff42223f693ac7145ec3bb4ae.php 第 87 行.
NOTIC: [8] Undefined index:  D:\phpStudy\WWW\game\Application\Runtime\Cache\Home\576efd2ff42223f693ac7145ec3bb4ae.php 第 88 行.
NOTIC: [8] Undefined index:  D:\phpStudy\WWW\game\Application\Runtime\Cache\Home\576efd2ff42223f693ac7145ec3bb4ae.php 第 90 行.
NOTIC: [8] Undefined index:  D:\phpStudy\WWW\game\Application\Runtime\Cache\Home\576efd2ff42223f693ac7145ec3bb4ae.php 第 91 行.
NOTIC: [8] Undefined index:  D:\phpStudy\WWW\game\Application\Runtime\Cache\Home\576efd2ff42223f693ac7145ec3bb4ae.php 第 92 行.
NOTIC: [8] Undefined index: id D:\phpStudy\WWW\game\Application\Runtime\Cache\Home\576efd2ff42223f693ac7145ec3bb4ae.php 第 94 行.
NOTIC: [8] Undefined index: id D:\phpStudy\WWW\game\Application\Runtime\Cache\Home\576efd2ff42223f693ac7145ec3bb4ae.php 第 95 行.
INFO: Run Behavior\ParseTemplateBehavior [ RunTime:0.004725s ]
INFO: [ view_parse ] --END-- [ RunTime:0.004748s ]
INFO: [ view_filter ] --START--
INFO: Run Behavior\WriteHtmlCacheBehavior [ RunTime:0.000206s ]
INFO: [ view_filter ] --END-- [ RunTime:0.000225s ]
INFO: [ app_end ] --START--
INFO: Run Behavior\ShowPageTraceBehavior [ RunTime:0.000320s ]
INFO: [ app_end ] --END-- [ RunTime:0.000343s ]

