[ 2019-11-29T14:28:03+08:00 ] ::1 /game/index.php/Home/Yojian
ERR: 无法加载控制器:Yojian

[ 2019-11-29T14:28:07+08:00 ] ::1 /game/index.php/Home/Youjian
ERR: 非法操作:index

[ 2019-11-29T14:28:15+08:00 ] ::1 /game/index.php/Home/Youjian/cd_SendMail
ERR: 参数错误或者未定义:RoleID

[ 2019-11-29T14:29:02+08:00 ] ::1 /game/index.php/Home/Youjian/cd_SendMail/send
ERR: 参数错误或者未定义:RoleID

[ 2019-11-29T14:29:05+08:00 ] ::1 /game/index.php/Home/Youjian/cd_SendMail/send
ERR: 参数错误或者未定义:RoleID

[ 2019-11-29T14:29:34+08:00 ] ::1 /game/index.php/Home/Youjian/cd_SendMail/send
ERR: 参数错误或者未定义:RoleID

[ 2019-11-29T14:29:35+08:00 ] ::1 /game/index.php/Home/Youjian/cd_SendMail/send
ERR: 参数错误或者未定义:RoleID

[ 2019-11-29T14:29:35+08:00 ] ::1 /game/index.php/Home/Youjian/cd_SendMail/send
ERR: 参数错误或者未定义:RoleID

[ 2019-11-29T14:29:36+08:00 ] ::1 /game/index.php/Home/Youjian/cd_SendMail/send
ERR: 参数错误或者未定义:RoleID

[ 2019-11-29T14:30:19+08:00 ] ::1 /game/index.php/Home/Youjian/cd_SendMail/send
ERR: 参数错误或者未定义:StartTime

[ 2019-11-29T16:40:24+08:00 ] ::1 /game/index.php/Home/Houtai/Api/send_email.php
INFO: [ app_begin ] --START--
INFO: Run Behavior\ReadHtmlCacheBehavior [ RunTime:0.000325s ]
INFO: [ app_begin ] --END-- [ RunTime:0.000645s ]
ERR: 非法操作:Api

[ 2019-11-29T16:40:51+08:00 ] ::1 /game/index.php/Home/Houtai/Api/send_email.php
INFO: [ app_begin ] --START--
INFO: Run Behavior\ReadHtmlCacheBehavior [ RunTime:0.000266s ]
INFO: [ app_begin ] --END-- [ RunTime:0.000486s ]
ERR: 非法操作:Api

