[ 2019-12-11T02:05:13+08:00 ] ::1 /game/index.php/Home/Houtai/ywjl.html?yue=2019-11
ERR: 1146:Table 'd_logs.t_money_dot_1911' doesn't exist
 [ SQL语句 ] : SHOW COLUMNS FROM `t_money_dot_1911`

[ 2019-12-11T02:07:02+08:00 ] ::1 /game/index.php/Home/Houtai/ywjl.html?yue=2019-11
ERR: 无法加载数据库驱动: Think\Db\Driver\

[ 2019-12-11T02:07:20+08:00 ] ::1 /game/index.php/Home/Houtai/ywjl.html
ERR: 无法加载数据库驱动: Think\Db\Driver\

[ 2019-12-11T02:07:39+08:00 ] ::1 /game/index.php/Home/Houtai/ywjl.html
ERR: 无法加载数据库驱动: Think\Db\Driver\

[ 2019-12-11T02:07:40+08:00 ] ::1 /game/index.php/Home/Houtai/ywjl.html
ERR: 无法加载数据库驱动: Think\Db\Driver\

[ 2019-12-11T02:07:53+08:00 ] ::1 /game/index.php/Home/Houtai/ywjl.html
ERR: 1146:Table 'd_logs.t_money_dot' doesn't exist
 [ SQL语句 ] : SHOW COLUMNS FROM `t_money_dot`

[ 2019-12-11T02:08:29+08:00 ] ::1 /game/index.php/Home/Houtai/ywjl.html?yue=
ERR: 无法加载数据库驱动: Think\Db\Driver\

[ 2019-12-11T02:08:51+08:00 ] ::1 /game/index.php/Home/Houtai/ywjl.html?yue=
ERR: 无法加载数据库驱动: Think\Db\Driver\

[ 2019-12-11T02:08:52+08:00 ] ::1 /game/index.php/Home/Houtai/ywjl.html?yue=
ERR: 无法加载数据库驱动: Think\Db\Driver\

[ 2019-12-11T02:09:11+08:00 ] ::1 /game/index.php/Home/Houtai/ywjl.html?yue=
ERR: 无法加载数据库驱动: Think\Db\Driver\

[ 2019-12-11T02:09:12+08:00 ] ::1 /game/index.php/Home/Houtai/ywjl.html?yue=
ERR: 无法加载数据库驱动: Think\Db\Driver\

[ 2019-12-11T02:09:13+08:00 ] ::1 /game/index.php/Home/Houtai/ywjl.html?yue=
ERR: 无法加载数据库驱动: Think\Db\Driver\

[ 2019-12-11T02:12:55+08:00 ] ::1 /game/index.php/Home/Houtai/ywjl.html?yue=
ERR: 无法加载数据库驱动: Think\Db\Driver\

[ 2019-12-11T02:13:08+08:00 ] ::1 /game/index.php/Home/Houtai/ywjl.html?yue=
ERR: 1109:Unknown table 't_a_b_l_e_s' in information_schema
 [ SQL语句 ] : SHOW COLUMNS FROM `t_a_b_l_e_s`

[ 2019-12-11T02:15:55+08:00 ] ::1 /game/index.php/Home/Houtai/ywjl.html
ERR: 1146:Table 'd_logs.t_dot' doesn't exist
 [ SQL语句 ] : SHOW COLUMNS FROM `t_dot`

[ 2019-12-11T02:18:53+08:00 ] ::1 /game/index.php/Home/Houtai/ywjl.html?yue=2019-12
ERR: 1146:Table 'd_logs.t_dot' doesn't exist
 [ SQL语句 ] : SHOW COLUMNS FROM `t_dot`

[ 2019-12-11T12:49:48+08:00 ] ::1 /game/index.php/Home/Houtai/userlist?page=1&limit=10
INFO: [ app_begin ] --START--
INFO: Run Behavior\ReadHtmlCacheBehavior [ RunTime:0.000310s ]
INFO: [ app_begin ] --END-- [ RunTime:0.000557s ]
SQL: SHOW COLUMNS FROM `t_account_guest` [ RunTime:0.0068s ]
SQL: SELECT * FROM `t_account_guest`  [ RunTime:0.0058s ]
SQL: SHOW COLUMNS FROM `t_player` [ RunTime:0.0091s ]
SQL: SELECT * FROM `t_player` WHERE `f_role_id` = 17 LIMIT 1   [ RunTime:0.0082s ]
SQL: SELECT * FROM `t_player` WHERE `f_role_id` = 33 LIMIT 1   [ RunTime:0.0076s ]
SQL: SELECT * FROM `t_player` WHERE `f_role_id` = 49 LIMIT 1   [ RunTime:0.0067s ]

